
Дата вызова функции: 2023-11-28 16:12:06.409176
Имя функции: hello_world

Аргументы: () / {}
Возвращаемое значение функции: Hello World
Дата вызова функции: 2023-11-28 16:12:06.409176
Имя функции: summator

Аргументы: (2, 2) / {}
Возвращаемое значение функции: 4
Дата вызова функции: 2023-11-28 16:12:06.409176
Имя функции: div

Аргументы: (6, 2) / {}
Возвращаемое значение функции: 3.0
Дата вызова функции: 2023-11-28 16:12:06.409176
Имя функции: summator

Аргументы: (4.3,) / {'b': 2.2}
Возвращаемое значение функции: 6.5
Дата вызова функции: 2023-11-28 16:12:06.409176
Имя функции: summator

Аргументы: () / {'a': 0, 'b': 0}
Возвращаемое значение функции: 0